<?xml version="1.0" encoding="UTF-8"?>
<testsuite xmlns:xsi="http://www.w3.org/2001/XMLSchema-instance" xsi:noNamespaceSchemaLocation="https://maven.apache.org/surefire/maven-surefire-plugin/xsd/surefire-test-report-3.0.xsd" version="3.0" name="com.eventosatleticas.EventosatleticasApplicationTests" time="5.963" tests="1" errors="0" skipped="0" failures="0">
  <properties>
    <property name="java.specification.version" value="17"/>
    <property name="sun.jnu.encoding" value="UTF-8"/>
    <property name="java.class.path" value="/home/ykaro/Desktop/projeto_BD/eventosatleticas/target/test-classes:/home/ykaro/Desktop/projeto_BD/eventosatleticas/target/classes:/home/ykaro/.m2/repository/org/springframework/boot/spring-boot-starter-validation/3.4.4/spring-boot-starter-validation-3.4.4.jar:/home/ykaro/.m2/repository/org/springframework/boot/spring-boot-starter/3.4.4/spring-boot-starter-3.4.4.jar:/home/ykaro/.m2/repository/org/springframework/boot/spring-boot/3.4.4/spring-boot-3.4.4.jar:/home/ykaro/.m2/repository/org/springframework/boot/spring-boot-autoconfigure/3.4.4/spring-boot-autoconfigure-3.4.4.jar:/home/ykaro/.m2/repository/org/springframework/boot/spring-boot-starter-logging/3.4.4/spring-boot-starter-logging-3.4.4.jar:/home/ykaro/.m2/repository/ch/qos/logback/logback-classic/1.5.18/logback-classic-1.5.18.jar:/home/ykaro/.m2/repository/ch/qos/logback/logback-core/1.5.18/logback-core-1.5.18.jar:/home/ykaro/.m2/repository/org/apache/logging/log4j/log4j-to-slf4j/2.24.3/log4j-to-slf4j-2.24.3.jar:/home/ykaro/.m2/repository/org/apache/logging/log4j/log4j-api/2.24.3/log4j-api-2.24.3.jar:/home/ykaro/.m2/repository/org/slf4j/jul-to-slf4j/2.0.17/jul-to-slf4j-2.0.17.jar:/home/ykaro/.m2/repository/jakarta/annotation/jakarta.annotation-api/2.1.1/jakarta.annotation-api-2.1.1.jar:/home/ykaro/.m2/repository/org/yaml/snakeyaml/2.3/snakeyaml-2.3.jar:/home/ykaro/.m2/repository/org/apache/tomcat/embed/tomcat-embed-el/10.1.39/tomcat-embed-el-10.1.39.jar:/home/ykaro/.m2/repository/org/hibernate/validator/hibernate-validator/8.0.2.Final/hibernate-validator-8.0.2.Final.jar:/home/ykaro/.m2/repository/org/jboss/logging/jboss-logging/3.6.1.Final/jboss-logging-3.6.1.Final.jar:/home/ykaro/.m2/repository/com/fasterxml/classmate/1.7.0/classmate-1.7.0.jar:/home/ykaro/.m2/repository/jakarta/validation/jakarta.validation-api/3.1.1/jakarta.validation-api-3.1.1.jar:/home/ykaro/.m2/repository/org/springframework/boot/spring-boot-starter-data-jpa/3.4.4/spring-boot-starter-data-jpa-3.4.4.jar:/home/ykaro/.m2/repository/org/springframework/boot/spring-boot-starter-jdbc/3.4.4/spring-boot-starter-jdbc-3.4.4.jar:/home/ykaro/.m2/repository/com/zaxxer/HikariCP/5.1.0/HikariCP-5.1.0.jar:/home/ykaro/.m2/repository/org/springframework/spring-jdbc/6.2.5/spring-jdbc-6.2.5.jar:/home/ykaro/.m2/repository/org/hibernate/orm/hibernate-core/6.6.11.Final/hibernate-core-6.6.11.Final.jar:/home/ykaro/.m2/repository/jakarta/persistence/jakarta.persistence-api/3.1.0/jakarta.persistence-api-3.1.0.jar:/home/ykaro/.m2/repository/jakarta/transaction/jakarta.transaction-api/2.0.1/jakarta.transaction-api-2.0.1.jar:/home/ykaro/.m2/repository/org/hibernate/common/hibernate-commons-annotations/7.0.3.Final/hibernate-commons-annotations-7.0.3.Final.jar:/home/ykaro/.m2/repository/io/smallrye/jandex/3.2.0/jandex-3.2.0.jar:/home/ykaro/.m2/repository/net/bytebuddy/byte-buddy/1.15.11/byte-buddy-1.15.11.jar:/home/ykaro/.m2/repository/jakarta/inject/jakarta.inject-api/2.0.1/jakarta.inject-api-2.0.1.jar:/home/ykaro/.m2/repository/org/antlr/antlr4-runtime/4.13.0/antlr4-runtime-4.13.0.jar:/home/ykaro/.m2/repository/org/springframework/data/spring-data-jpa/3.4.4/spring-data-jpa-3.4.4.jar:/home/ykaro/.m2/repository/org/springframework/data/spring-data-commons/3.4.4/spring-data-commons-3.4.4.jar:/home/ykaro/.m2/repository/org/springframework/spring-orm/6.2.5/spring-orm-6.2.5.jar:/home/ykaro/.m2/repository/org/springframework/spring-context/6.2.5/spring-context-6.2.5.jar:/home/ykaro/.m2/repository/org/springframework/spring-tx/6.2.5/spring-tx-6.2.5.jar:/home/ykaro/.m2/repository/org/springframework/spring-beans/6.2.5/spring-beans-6.2.5.jar:/home/ykaro/.m2/repository/org/slf4j/slf4j-api/2.0.17/slf4j-api-2.0.17.jar:/home/ykaro/.m2/repository/org/springframework/spring-aspects/6.2.5/spring-aspects-6.2.5.jar:/home/ykaro/.m2/repository/org/aspectj/aspectjweaver/1.9.23/aspectjweaver-1.9.23.jar:/home/ykaro/.m2/repository/org/springframework/boot/spring-boot-starter-security/3.4.4/spring-boot-starter-security-3.4.4.jar:/home/ykaro/.m2/repository/org/springframework/spring-aop/6.2.5/spring-aop-6.2.5.jar:/home/ykaro/.m2/repository/org/springframework/security/spring-security-config/6.4.4/spring-security-config-6.4.4.jar:/home/ykaro/.m2/repository/org/springframework/security/spring-security-core/6.4.4/spring-security-core-6.4.4.jar:/home/ykaro/.m2/repository/org/springframework/security/spring-security-crypto/6.4.4/spring-security-crypto-6.4.4.jar:/home/ykaro/.m2/repository/org/springframework/security/spring-security-web/6.4.4/spring-security-web-6.4.4.jar:/home/ykaro/.m2/repository/org/springframework/spring-expression/6.2.5/spring-expression-6.2.5.jar:/home/ykaro/.m2/repository/org/springframework/boot/spring-boot-starter-web/3.4.4/spring-boot-starter-web-3.4.4.jar:/home/ykaro/.m2/repository/org/springframework/boot/spring-boot-starter-json/3.4.4/spring-boot-starter-json-3.4.4.jar:/home/ykaro/.m2/repository/com/fasterxml/jackson/datatype/jackson-datatype-jdk8/2.18.3/jackson-datatype-jdk8-2.18.3.jar:/home/ykaro/.m2/repository/com/fasterxml/jackson/datatype/jackson-datatype-jsr310/2.18.3/jackson-datatype-jsr310-2.18.3.jar:/home/ykaro/.m2/repository/com/fasterxml/jackson/module/jackson-module-parameter-names/2.18.3/jackson-module-parameter-names-2.18.3.jar:/home/ykaro/.m2/repository/org/springframework/boot/spring-boot-starter-tomcat/3.4.4/spring-boot-starter-tomcat-3.4.4.jar:/home/ykaro/.m2/repository/org/apache/tomcat/embed/tomcat-embed-core/10.1.39/tomcat-embed-core-10.1.39.jar:/home/ykaro/.m2/repository/org/apache/tomcat/embed/tomcat-embed-websocket/10.1.39/tomcat-embed-websocket-10.1.39.jar:/home/ykaro/.m2/repository/org/springframework/spring-web/6.2.5/spring-web-6.2.5.jar:/home/ykaro/.m2/repository/io/micrometer/micrometer-observation/1.14.5/micrometer-observation-1.14.5.jar:/home/ykaro/.m2/repository/io/micrometer/micrometer-commons/1.14.5/micrometer-commons-1.14.5.jar:/home/ykaro/.m2/repository/org/springframework/spring-webmvc/6.2.5/spring-webmvc-6.2.5.jar:/home/ykaro/.m2/repository/org/postgresql/postgresql/42.7.5/postgresql-42.7.5.jar:/home/ykaro/.m2/repository/org/checkerframework/checker-qual/3.48.3/checker-qual-3.48.3.jar:/home/ykaro/.m2/repository/org/projectlombok/lombok/1.18.36/lombok-1.18.36.jar:/home/ykaro/.m2/repository/io/jsonwebtoken/jjwt/0.9.1/jjwt-0.9.1.jar:/home/ykaro/.m2/repository/com/fasterxml/jackson/core/jackson-databind/2.18.3/jackson-databind-2.18.3.jar:/home/ykaro/.m2/repository/com/fasterxml/jackson/core/jackson-annotations/2.18.3/jackson-annotations-2.18.3.jar:/home/ykaro/.m2/repository/com/fasterxml/jackson/core/jackson-core/2.18.3/jackson-core-2.18.3.jar:/home/ykaro/.m2/repository/javax/xml/bind/jaxb-api/2.3.1/jaxb-api-2.3.1.jar:/home/ykaro/.m2/repository/javax/activation/javax.activation-api/1.2.0/javax.activation-api-1.2.0.jar:/home/ykaro/.m2/repository/org/glassfish/jaxb/jaxb-runtime/2.3.1/jaxb-runtime-2.3.1.jar:/home/ykaro/.m2/repository/org/glassfish/jaxb/txw2/4.0.5/txw2-4.0.5.jar:/home/ykaro/.m2/repository/com/sun/istack/istack-commons-runtime/4.1.2/istack-commons-runtime-4.1.2.jar:/home/ykaro/.m2/repository/org/jvnet/staxex/stax-ex/2.1.0/stax-ex-2.1.0.jar:/home/ykaro/.m2/repository/jakarta/activation/jakarta.activation-api/2.1.3/jakarta.activation-api-2.1.3.jar:/home/ykaro/.m2/repository/com/sun/xml/fastinfoset/FastInfoset/2.1.1/FastInfoset-2.1.1.jar:/home/ykaro/.m2/repository/org/springframework/boot/spring-boot-starter-test/3.4.4/spring-boot-starter-test-3.4.4.jar:/home/ykaro/.m2/repository/org/springframework/boot/spring-boot-test/3.4.4/spring-boot-test-3.4.4.jar:/home/ykaro/.m2/repository/org/springframework/boot/spring-boot-test-autoconfigure/3.4.4/spring-boot-test-autoconfigure-3.4.4.jar:/home/ykaro/.m2/repository/com/jayway/jsonpath/json-path/2.9.0/json-path-2.9.0.jar:/home/ykaro/.m2/repository/jakarta/xml/bind/jakarta.xml.bind-api/4.0.2/jakarta.xml.bind-api-4.0.2.jar:/home/ykaro/.m2/repository/net/minidev/json-smart/2.5.2/json-smart-2.5.2.jar:/home/ykaro/.m2/repository/net/minidev/accessors-smart/2.5.2/accessors-smart-2.5.2.jar:/home/ykaro/.m2/repository/org/ow2/asm/asm/9.7.1/asm-9.7.1.jar:/home/ykaro/.m2/repository/org/assertj/assertj-core/3.26.3/assertj-core-3.26.3.jar:/home/ykaro/.m2/repository/org/awaitility/awaitility/4.2.2/awaitility-4.2.2.jar:/home/ykaro/.m2/repository/org/hamcrest/hamcrest/2.2/hamcrest-2.2.jar:/home/ykaro/.m2/repository/org/junit/jupiter/junit-jupiter/5.11.4/junit-jupiter-5.11.4.jar:/home/ykaro/.m2/repository/org/junit/jupiter/junit-jupiter-params/5.11.4/junit-jupiter-params-5.11.4.jar:/home/ykaro/.m2/repository/org/mockito/mockito-core/5.14.2/mockito-core-5.14.2.jar:/home/ykaro/.m2/repository/net/bytebuddy/byte-buddy-agent/1.15.11/byte-buddy-agent-1.15.11.jar:/home/ykaro/.m2/repository/org/objenesis/objenesis/3.3/objenesis-3.3.jar:/home/ykaro/.m2/repository/org/mockito/mockito-junit-jupiter/5.14.2/mockito-junit-jupiter-5.14.2.jar:/home/ykaro/.m2/repository/org/skyscreamer/jsonassert/1.5.3/jsonassert-1.5.3.jar:/home/ykaro/.m2/repository/com/vaadin/external/google/android-json/0.0.20131108.vaadin1/android-json-0.0.20131108.vaadin1.jar:/home/ykaro/.m2/repository/org/springframework/spring-core/6.2.5/spring-core-6.2.5.jar:/home/ykaro/.m2/repository/org/springframework/spring-jcl/6.2.5/spring-jcl-6.2.5.jar:/home/ykaro/.m2/repository/org/springframework/spring-test/6.2.5/spring-test-6.2.5.jar:/home/ykaro/.m2/repository/org/xmlunit/xmlunit-core/2.10.0/xmlunit-core-2.10.0.jar:/home/ykaro/.m2/repository/org/junit/jupiter/junit-jupiter-api/5.11.4/junit-jupiter-api-5.11.4.jar:/home/ykaro/.m2/repository/org/opentest4j/opentest4j/1.3.0/opentest4j-1.3.0.jar:/home/ykaro/.m2/repository/org/junit/platform/junit-platform-commons/1.11.4/junit-platform-commons-1.11.4.jar:/home/ykaro/.m2/repository/org/apiguardian/apiguardian-api/1.1.2/apiguardian-api-1.1.2.jar:/home/ykaro/.m2/repository/org/junit/jupiter/junit-jupiter-engine/5.11.4/junit-jupiter-engine-5.11.4.jar:/home/ykaro/.m2/repository/org/junit/platform/junit-platform-engine/1.11.4/junit-platform-engine-1.11.4.jar:"/>
    <property name="java.vm.vendor" value="Ubuntu"/>
    <property name="sun.arch.data.model" value="64"/>
    <property name="java.vendor.url" value="https://ubuntu.com/"/>
    <property name="user.timezone" value="America/Araguaina"/>
    <property name="org.jboss.logging.provider" value="slf4j"/>
    <property name="user.country.format" value="BR"/>
    <property name="os.name" value="Linux"/>
    <property name="java.vm.specification.version" value="17"/>
    <property name="APPLICATION_NAME" value="eventos_atleticas"/>
    <property name="sun.java.launcher" value="SUN_STANDARD"/>
    <property name="user.country" value="US"/>
    <property name="sun.boot.library.path" value="/usr/lib/jvm/java-17-openjdk-amd64/lib"/>
    <property name="sun.java.command" value="/home/ykaro/Desktop/projeto_BD/eventosatleticas/target/surefire/surefirebooter-20250328094046004_3.jar /home/ykaro/Desktop/projeto_BD/eventosatleticas/target/surefire 2025-03-28T09-40-45_929-jvmRun1 surefire-20250328094046004_1tmp surefire_0-20250328094046004_2tmp"/>
    <property name="jdk.debug" value="release"/>
    <property name="surefire.test.class.path" value="/home/ykaro/Desktop/projeto_BD/eventosatleticas/target/test-classes:/home/ykaro/Desktop/projeto_BD/eventosatleticas/target/classes:/home/ykaro/.m2/repository/org/springframework/boot/spring-boot-starter-validation/3.4.4/spring-boot-starter-validation-3.4.4.jar:/home/ykaro/.m2/repository/org/springframework/boot/spring-boot-starter/3.4.4/spring-boot-starter-3.4.4.jar:/home/ykaro/.m2/repository/org/springframework/boot/spring-boot/3.4.4/spring-boot-3.4.4.jar:/home/ykaro/.m2/repository/org/springframework/boot/spring-boot-autoconfigure/3.4.4/spring-boot-autoconfigure-3.4.4.jar:/home/ykaro/.m2/repository/org/springframework/boot/spring-boot-starter-logging/3.4.4/spring-boot-starter-logging-3.4.4.jar:/home/ykaro/.m2/repository/ch/qos/logback/logback-classic/1.5.18/logback-classic-1.5.18.jar:/home/ykaro/.m2/repository/ch/qos/logback/logback-core/1.5.18/logback-core-1.5.18.jar:/home/ykaro/.m2/repository/org/apache/logging/log4j/log4j-to-slf4j/2.24.3/log4j-to-slf4j-2.24.3.jar:/home/ykaro/.m2/repository/org/apache/logging/log4j/log4j-api/2.24.3/log4j-api-2.24.3.jar:/home/ykaro/.m2/repository/org/slf4j/jul-to-slf4j/2.0.17/jul-to-slf4j-2.0.17.jar:/home/ykaro/.m2/repository/jakarta/annotation/jakarta.annotation-api/2.1.1/jakarta.annotation-api-2.1.1.jar:/home/ykaro/.m2/repository/org/yaml/snakeyaml/2.3/snakeyaml-2.3.jar:/home/ykaro/.m2/repository/org/apache/tomcat/embed/tomcat-embed-el/10.1.39/tomcat-embed-el-10.1.39.jar:/home/ykaro/.m2/repository/org/hibernate/validator/hibernate-validator/8.0.2.Final/hibernate-validator-8.0.2.Final.jar:/home/ykaro/.m2/repository/org/jboss/logging/jboss-logging/3.6.1.Final/jboss-logging-3.6.1.Final.jar:/home/ykaro/.m2/repository/com/fasterxml/classmate/1.7.0/classmate-1.7.0.jar:/home/ykaro/.m2/repository/jakarta/validation/jakarta.validation-api/3.1.1/jakarta.validation-api-3.1.1.jar:/home/ykaro/.m2/repository/org/springframework/boot/spring-boot-starter-data-jpa/3.4.4/spring-boot-starter-data-jpa-3.4.4.jar:/home/ykaro/.m2/repository/org/springframework/boot/spring-boot-starter-jdbc/3.4.4/spring-boot-starter-jdbc-3.4.4.jar:/home/ykaro/.m2/repository/com/zaxxer/HikariCP/5.1.0/HikariCP-5.1.0.jar:/home/ykaro/.m2/repository/org/springframework/spring-jdbc/6.2.5/spring-jdbc-6.2.5.jar:/home/ykaro/.m2/repository/org/hibernate/orm/hibernate-core/6.6.11.Final/hibernate-core-6.6.11.Final.jar:/home/ykaro/.m2/repository/jakarta/persistence/jakarta.persistence-api/3.1.0/jakarta.persistence-api-3.1.0.jar:/home/ykaro/.m2/repository/jakarta/transaction/jakarta.transaction-api/2.0.1/jakarta.transaction-api-2.0.1.jar:/home/ykaro/.m2/repository/org/hibernate/common/hibernate-commons-annotations/7.0.3.Final/hibernate-commons-annotations-7.0.3.Final.jar:/home/ykaro/.m2/repository/io/smallrye/jandex/3.2.0/jandex-3.2.0.jar:/home/ykaro/.m2/repository/net/bytebuddy/byte-buddy/1.15.11/byte-buddy-1.15.11.jar:/home/ykaro/.m2/repository/jakarta/inject/jakarta.inject-api/2.0.1/jakarta.inject-api-2.0.1.jar:/home/ykaro/.m2/repository/org/antlr/antlr4-runtime/4.13.0/antlr4-runtime-4.13.0.jar:/home/ykaro/.m2/repository/org/springframework/data/spring-data-jpa/3.4.4/spring-data-jpa-3.4.4.jar:/home/ykaro/.m2/repository/org/springframework/data/spring-data-commons/3.4.4/spring-data-commons-3.4.4.jar:/home/ykaro/.m2/repository/org/springframework/spring-orm/6.2.5/spring-orm-6.2.5.jar:/home/ykaro/.m2/repository/org/springframework/spring-context/6.2.5/spring-context-6.2.5.jar:/home/ykaro/.m2/repository/org/springframework/spring-tx/6.2.5/spring-tx-6.2.5.jar:/home/ykaro/.m2/repository/org/springframework/spring-beans/6.2.5/spring-beans-6.2.5.jar:/home/ykaro/.m2/repository/org/slf4j/slf4j-api/2.0.17/slf4j-api-2.0.17.jar:/home/ykaro/.m2/repository/org/springframework/spring-aspects/6.2.5/spring-aspects-6.2.5.jar:/home/ykaro/.m2/repository/org/aspectj/aspectjweaver/1.9.23/aspectjweaver-1.9.23.jar:/home/ykaro/.m2/repository/org/springframework/boot/spring-boot-starter-security/3.4.4/spring-boot-starter-security-3.4.4.jar:/home/ykaro/.m2/repository/org/springframework/spring-aop/6.2.5/spring-aop-6.2.5.jar:/home/ykaro/.m2/repository/org/springframework/security/spring-security-config/6.4.4/spring-security-config-6.4.4.jar:/home/ykaro/.m2/repository/org/springframework/security/spring-security-core/6.4.4/spring-security-core-6.4.4.jar:/home/ykaro/.m2/repository/org/springframework/security/spring-security-crypto/6.4.4/spring-security-crypto-6.4.4.jar:/home/ykaro/.m2/repository/org/springframework/security/spring-security-web/6.4.4/spring-security-web-6.4.4.jar:/home/ykaro/.m2/repository/org/springframework/spring-expression/6.2.5/spring-expression-6.2.5.jar:/home/ykaro/.m2/repository/org/springframework/boot/spring-boot-starter-web/3.4.4/spring-boot-starter-web-3.4.4.jar:/home/ykaro/.m2/repository/org/springframework/boot/spring-boot-starter-json/3.4.4/spring-boot-starter-json-3.4.4.jar:/home/ykaro/.m2/repository/com/fasterxml/jackson/datatype/jackson-datatype-jdk8/2.18.3/jackson-datatype-jdk8-2.18.3.jar:/home/ykaro/.m2/repository/com/fasterxml/jackson/datatype/jackson-datatype-jsr310/2.18.3/jackson-datatype-jsr310-2.18.3.jar:/home/ykaro/.m2/repository/com/fasterxml/jackson/module/jackson-module-parameter-names/2.18.3/jackson-module-parameter-names-2.18.3.jar:/home/ykaro/.m2/repository/org/springframework/boot/spring-boot-starter-tomcat/3.4.4/spring-boot-starter-tomcat-3.4.4.jar:/home/ykaro/.m2/repository/org/apache/tomcat/embed/tomcat-embed-core/10.1.39/tomcat-embed-core-10.1.39.jar:/home/ykaro/.m2/repository/org/apache/tomcat/embed/tomcat-embed-websocket/10.1.39/tomcat-embed-websocket-10.1.39.jar:/home/ykaro/.m2/repository/org/springframework/spring-web/6.2.5/spring-web-6.2.5.jar:/home/ykaro/.m2/repository/io/micrometer/micrometer-observation/1.14.5/micrometer-observation-1.14.5.jar:/home/ykaro/.m2/repository/io/micrometer/micrometer-commons/1.14.5/micrometer-commons-1.14.5.jar:/home/ykaro/.m2/repository/org/springframework/spring-webmvc/6.2.5/spring-webmvc-6.2.5.jar:/home/ykaro/.m2/repository/org/postgresql/postgresql/42.7.5/postgresql-42.7.5.jar:/home/ykaro/.m2/repository/org/checkerframework/checker-qual/3.48.3/checker-qual-3.48.3.jar:/home/ykaro/.m2/repository/org/projectlombok/lombok/1.18.36/lombok-1.18.36.jar:/home/ykaro/.m2/repository/io/jsonwebtoken/jjwt/0.9.1/jjwt-0.9.1.jar:/home/ykaro/.m2/repository/com/fasterxml/jackson/core/jackson-databind/2.18.3/jackson-databind-2.18.3.jar:/home/ykaro/.m2/repository/com/fasterxml/jackson/core/jackson-annotations/2.18.3/jackson-annotations-2.18.3.jar:/home/ykaro/.m2/repository/com/fasterxml/jackson/core/jackson-core/2.18.3/jackson-core-2.18.3.jar:/home/ykaro/.m2/repository/javax/xml/bind/jaxb-api/2.3.1/jaxb-api-2.3.1.jar:/home/ykaro/.m2/repository/javax/activation/javax.activation-api/1.2.0/javax.activation-api-1.2.0.jar:/home/ykaro/.m2/repository/org/glassfish/jaxb/jaxb-runtime/2.3.1/jaxb-runtime-2.3.1.jar:/home/ykaro/.m2/repository/org/glassfish/jaxb/txw2/4.0.5/txw2-4.0.5.jar:/home/ykaro/.m2/repository/com/sun/istack/istack-commons-runtime/4.1.2/istack-commons-runtime-4.1.2.jar:/home/ykaro/.m2/repository/org/jvnet/staxex/stax-ex/2.1.0/stax-ex-2.1.0.jar:/home/ykaro/.m2/repository/jakarta/activation/jakarta.activation-api/2.1.3/jakarta.activation-api-2.1.3.jar:/home/ykaro/.m2/repository/com/sun/xml/fastinfoset/FastInfoset/2.1.1/FastInfoset-2.1.1.jar:/home/ykaro/.m2/repository/org/springframework/boot/spring-boot-starter-test/3.4.4/spring-boot-starter-test-3.4.4.jar:/home/ykaro/.m2/repository/org/springframework/boot/spring-boot-test/3.4.4/spring-boot-test-3.4.4.jar:/home/ykaro/.m2/repository/org/springframework/boot/spring-boot-test-autoconfigure/3.4.4/spring-boot-test-autoconfigure-3.4.4.jar:/home/ykaro/.m2/repository/com/jayway/jsonpath/json-path/2.9.0/json-path-2.9.0.jar:/home/ykaro/.m2/repository/jakarta/xml/bind/jakarta.xml.bind-api/4.0.2/jakarta.xml.bind-api-4.0.2.jar:/home/ykaro/.m2/repository/net/minidev/json-smart/2.5.2/json-smart-2.5.2.jar:/home/ykaro/.m2/repository/net/minidev/accessors-smart/2.5.2/accessors-smart-2.5.2.jar:/home/ykaro/.m2/repository/org/ow2/asm/asm/9.7.1/asm-9.7.1.jar:/home/ykaro/.m2/repository/org/assertj/assertj-core/3.26.3/assertj-core-3.26.3.jar:/home/ykaro/.m2/repository/org/awaitility/awaitility/4.2.2/awaitility-4.2.2.jar:/home/ykaro/.m2/repository/org/hamcrest/hamcrest/2.2/hamcrest-2.2.jar:/home/ykaro/.m2/repository/org/junit/jupiter/junit-jupiter/5.11.4/junit-jupiter-5.11.4.jar:/home/ykaro/.m2/repository/org/junit/jupiter/junit-jupiter-params/5.11.4/junit-jupiter-params-5.11.4.jar:/home/ykaro/.m2/repository/org/mockito/mockito-core/5.14.2/mockito-core-5.14.2.jar:/home/ykaro/.m2/repository/net/bytebuddy/byte-buddy-agent/1.15.11/byte-buddy-agent-1.15.11.jar:/home/ykaro/.m2/repository/org/objenesis/objenesis/3.3/objenesis-3.3.jar:/home/ykaro/.m2/repository/org/mockito/mockito-junit-jupiter/5.14.2/mockito-junit-jupiter-5.14.2.jar:/home/ykaro/.m2/repository/org/skyscreamer/jsonassert/1.5.3/jsonassert-1.5.3.jar:/home/ykaro/.m2/repository/com/vaadin/external/google/android-json/0.0.20131108.vaadin1/android-json-0.0.20131108.vaadin1.jar:/home/ykaro/.m2/repository/org/springframework/spring-core/6.2.5/spring-core-6.2.5.jar:/home/ykaro/.m2/repository/org/springframework/spring-jcl/6.2.5/spring-jcl-6.2.5.jar:/home/ykaro/.m2/repository/org/springframework/spring-test/6.2.5/spring-test-6.2.5.jar:/home/ykaro/.m2/repository/org/xmlunit/xmlunit-core/2.10.0/xmlunit-core-2.10.0.jar:/home/ykaro/.m2/repository/org/junit/jupiter/junit-jupiter-api/5.11.4/junit-jupiter-api-5.11.4.jar:/home/ykaro/.m2/repository/org/opentest4j/opentest4j/1.3.0/opentest4j-1.3.0.jar:/home/ykaro/.m2/repository/org/junit/platform/junit-platform-commons/1.11.4/junit-platform-commons-1.11.4.jar:/home/ykaro/.m2/repository/org/apiguardian/apiguardian-api/1.1.2/apiguardian-api-1.1.2.jar:/home/ykaro/.m2/repository/org/junit/jupiter/junit-jupiter-engine/5.11.4/junit-jupiter-engine-5.11.4.jar:/home/ykaro/.m2/repository/org/junit/platform/junit-platform-engine/1.11.4/junit-platform-engine-1.11.4.jar:"/>
    <property name="sun.cpu.endian" value="little"/>
    <property name="user.home" value="/home/ykaro"/>
    <property name="user.language" value="en"/>
    <property name="java.specification.vendor" value="Oracle Corporation"/>
    <property name="java.version.date" value="2025-01-21"/>
    <property name="java.home" value="/usr/lib/jvm/java-17-openjdk-amd64"/>
    <property name="file.separator" value="/"/>
    <property name="basedir" value="/home/ykaro/Desktop/projeto_BD/eventosatleticas"/>
    <property name="java.vm.compressedOopsMode" value="32-bit"/>
    <property name="line.separator" value="&#10;"/>
    <property name="java.vm.specification.vendor" value="Oracle Corporation"/>
    <property name="java.specification.name" value="Java Platform API Specification"/>
    <property name="FILE_LOG_CHARSET" value="UTF-8"/>
    <property name="java.awt.headless" value="true"/>
    <property name="surefire.real.class.path" value="/home/ykaro/Desktop/projeto_BD/eventosatleticas/target/surefire/surefirebooter-20250328094046004_3.jar"/>
    <property name="sun.management.compiler" value="HotSpot 64-Bit Tiered Compilers"/>
    <property name="java.runtime.version" value="17.0.14+7-Ubuntu-124.04"/>
    <property name="user.name" value="ykaro"/>
    <property name="path.separator" value=":"/>
    <property name="os.version" value="6.8.0-55-generic"/>
    <property name="java.runtime.name" value="OpenJDK Runtime Environment"/>
    <property name="file.encoding" value="UTF-8"/>
    <property name="java.vm.name" value="OpenJDK 64-Bit Server VM"/>
    <property name="localRepository" value="/home/ykaro/.m2/repository"/>
    <property name="java.vendor.url.bug" value="https://bugs.launchpad.net/ubuntu/+source/openjdk-17"/>
    <property name="java.io.tmpdir" value="/tmp"/>
    <property name="com.zaxxer.hikari.pool_number" value="1"/>
    <property name="java.version" value="17.0.14"/>
    <property name="user.dir" value="/home/ykaro/Desktop/projeto_BD/eventosatleticas"/>
    <property name="os.arch" value="amd64"/>
    <property name="java.vm.specification.name" value="Java Virtual Machine Specification"/>
    <property name="PID" value="18573"/>
    <property name="user.language.format" value="pt"/>
    <property name="CONSOLE_LOG_CHARSET" value="UTF-8"/>
    <property name="native.encoding" value="UTF-8"/>
    <property name="java.library.path" value="/usr/java/packages/lib:/usr/lib/x86_64-linux-gnu/jni:/lib/x86_64-linux-gnu:/usr/lib/x86_64-linux-gnu:/usr/lib/jni:/lib:/usr/lib"/>
    <property name="java.vm.info" value="mixed mode, sharing"/>
    <property name="java.vendor" value="Ubuntu"/>
    <property name="java.vm.version" value="17.0.14+7-Ubuntu-124.04"/>
    <property name="java.specification.maintenance.version" value="1"/>
    <property name="sun.io.unicode.encoding" value="UnicodeLittle"/>
    <property name="java.class.version" value="61.0"/>
    <property name="LOGGED_APPLICATION_NAME" value="[eventos_atleticas] "/>
  </properties>
  <testcase name="contextLoads" classname="com.eventosatleticas.EventosatleticasApplicationTests" time="0.426">
    <system-out><![CDATA[09:40:46.902 [main] INFO org.springframework.test.context.support.AnnotationConfigContextLoaderUtils -- Could not detect default configuration classes for test class [com.eventosatleticas.EventosatleticasApplicationTests]: EventosatleticasApplicationTests does not declare any static, non-private, non-final, nested classes annotated with @Configuration.
09:40:47.026 [main] INFO org.springframework.boot.test.context.SpringBootTestContextBootstrapper -- Found @SpringBootConfiguration com.eventosatleticas.EventosatleticasApplication for test class com.eventosatleticas.EventosatleticasApplicationTests

  .   ____          _            __ _ _
 /\\ / ___'_ __ _ _(_)_ __  __ _ \ \ \ \
( ( )\___ | '_ | '_| | '_ \/ _` | \ \ \ \
 \\/  ___)| |_)| | | | | || (_| |  ) ) ) )
  '  |____| .__|_| |_|_| |_\__, | / / / /
 =========|_|==============|___/=/_/_/_/

 :: Spring Boot ::                (v3.4.4)

2025-03-28T09:40:47.582-03:00  INFO 18573 --- [eventos_atleticas] [           main] c.e.EventosatleticasApplicationTests     : Starting EventosatleticasApplicationTests using Java 17.0.14 with PID 18573 (started by ykaro in /home/ykaro/Desktop/projeto_BD/eventosatleticas)
2025-03-28T09:40:47.586-03:00 DEBUG 18573 --- [eventos_atleticas] [           main] c.e.EventosatleticasApplicationTests     : Running with Spring Boot v3.4.4, Spring v6.2.5
2025-03-28T09:40:47.591-03:00  INFO 18573 --- [eventos_atleticas] [           main] c.e.EventosatleticasApplicationTests     : No active profile set, falling back to 1 default profile: "default"
2025-03-28T09:40:48.729-03:00  INFO 18573 --- [eventos_atleticas] [           main] .s.d.r.c.RepositoryConfigurationDelegate : Bootstrapping Spring Data JPA repositories in DEFAULT mode.
2025-03-28T09:40:48.796-03:00  INFO 18573 --- [eventos_atleticas] [           main] .s.d.r.c.RepositoryConfigurationDelegate : Finished Spring Data repository scanning in 59 ms. Found 8 JPA repository interfaces.
2025-03-28T09:40:49.237-03:00  INFO 18573 --- [eventos_atleticas] [           main] o.hibernate.jpa.internal.util.LogHelper  : HHH000204: Processing PersistenceUnitInfo [name: default]
2025-03-28T09:40:49.273-03:00  INFO 18573 --- [eventos_atleticas] [           main] org.hibernate.Version                    : HHH000412: Hibernate ORM core version 6.6.11.Final
2025-03-28T09:40:49.306-03:00  INFO 18573 --- [eventos_atleticas] [           main] o.h.c.internal.RegionFactoryInitiator    : HHH000026: Second-level cache disabled
2025-03-28T09:40:49.561-03:00  INFO 18573 --- [eventos_atleticas] [           main] o.s.o.j.p.SpringPersistenceUnitInfo      : No LoadTimeWeaver setup: ignoring JPA class transformer
2025-03-28T09:40:49.591-03:00  INFO 18573 --- [eventos_atleticas] [           main] com.zaxxer.hikari.HikariDataSource       : HikariPool-1 - Starting...
2025-03-28T09:40:49.852-03:00  INFO 18573 --- [eventos_atleticas] [           main] com.zaxxer.hikari.pool.HikariPool        : HikariPool-1 - Added connection org.postgresql.jdbc.PgConnection@d76099a
2025-03-28T09:40:49.853-03:00  INFO 18573 --- [eventos_atleticas] [           main] com.zaxxer.hikari.HikariDataSource       : HikariPool-1 - Start completed.
2025-03-28T09:40:49.880-03:00  WARN 18573 --- [eventos_atleticas] [           main] org.hibernate.orm.deprecation            : HHH90000025: PostgreSQLDialect does not need to be specified explicitly using 'hibernate.dialect' (remove the property setting and it will be selected by default)
2025-03-28T09:40:49.901-03:00  INFO 18573 --- [eventos_atleticas] [           main] org.hibernate.orm.connections.pooling    : HHH10001005: Database info:
	Database JDBC URL [Connecting through datasource 'HikariDataSource (HikariPool-1)']
	Database driver: undefined/unknown
	Database version: 17.4
	Autocommit mode: undefined/unknown
	Isolation level: undefined/unknown
	Minimum pool size: undefined/unknown
	Maximum pool size: undefined/unknown
2025-03-28T09:40:50.886-03:00  INFO 18573 --- [eventos_atleticas] [           main] o.h.e.t.j.p.i.JtaPlatformInitiator       : HHH000489: No JTA platform available (set 'hibernate.transaction.jta.platform' to enable JTA platform integration)
2025-03-28T09:40:50.898-03:00 DEBUG 18573 --- [eventos_atleticas] [           main] org.hibernate.SQL                        : 
    set client_min_messages = WARNING
Hibernate: 
    set client_min_messages = WARNING
2025-03-28T09:40:50.901-03:00 DEBUG 18573 --- [eventos_atleticas] [           main] org.hibernate.SQL                        : 
    alter table if exists eventos_schema.administradores 
       drop constraint if exists FKfwtfqbg9ndxdefvr0ki7eoxs5
Hibernate: 
    alter table if exists eventos_schema.administradores 
       drop constraint if exists FKfwtfqbg9ndxdefvr0ki7eoxs5
2025-03-28T09:40:50.903-03:00 DEBUG 18573 --- [eventos_atleticas] [           main] org.hibernate.SQL                        : 
    alter table if exists eventos_schema.arbitros 
       drop constraint if exists FK2idmnbmbwvunho3en3cvc2wje
Hibernate: 
    alter table if exists eventos_schema.arbitros 
       drop constraint if exists FK2idmnbmbwvunho3en3cvc2wje
2025-03-28T09:40:50.904-03:00 DEBUG 18573 --- [eventos_atleticas] [           main] org.hibernate.SQL                        : 
    alter table if exists eventos_schema.competicao 
       drop constraint if exists FKh8whqnqf4k9y6pgm6aqvphyjk
Hibernate: 
    alter table if exists eventos_schema.competicao 
       drop constraint if exists FKh8whqnqf4k9y6pgm6aqvphyjk
2025-03-28T09:40:50.906-03:00 DEBUG 18573 --- [eventos_atleticas] [           main] org.hibernate.SQL                        : 
    alter table if exists eventos_schema.competicao 
       drop constraint if exists FK79xu1tut4a61ucc87jlaxopde
Hibernate: 
    alter table if exists eventos_schema.competicao 
       drop constraint if exists FK79xu1tut4a61ucc87jlaxopde
2025-03-28T09:40:50.908-03:00 DEBUG 18573 --- [eventos_atleticas] [           main] org.hibernate.SQL                        : 
    alter table if exists eventos_schema.competicao 
       drop constraint if exists FKcdcayvsa1f5s5k23nla0fynp8
Hibernate: 
    alter table if exists eventos_schema.competicao 
       drop constraint if exists FKcdcayvsa1f5s5k23nla0fynp8
2025-03-28T09:40:50.909-03:00 DEBUG 18573 --- [eventos_atleticas] [           main] org.hibernate.SQL                        : 
    alter table if exists eventos_schema.organizadores 
       drop constraint if exists FKdn84gbw83qe1iyemoldw4f2x9
Hibernate: 
    alter table if exists eventos_schema.organizadores 
       drop constraint if exists FKdn84gbw83qe1iyemoldw4f2x9
2025-03-28T09:40:50.911-03:00 DEBUG 18573 --- [eventos_atleticas] [           main] org.hibernate.SQL                        : 
    drop table if exists eventos_schema.administradores cascade
Hibernate: 
    drop table if exists eventos_schema.administradores cascade
2025-03-28T09:40:50.914-03:00 DEBUG 18573 --- [eventos_atleticas] [           main] org.hibernate.SQL                        : 
    drop table if exists eventos_schema.arbitros cascade
Hibernate: 
    drop table if exists eventos_schema.arbitros cascade
2025-03-28T09:40:50.916-03:00 DEBUG 18573 --- [eventos_atleticas] [           main] org.hibernate.SQL                        : 
    drop table if exists eventos_schema.atleticas cascade
Hibernate: 
    drop table if exists eventos_schema.atleticas cascade
2025-03-28T09:40:50.919-03:00 DEBUG 18573 --- [eventos_atleticas] [           main] org.hibernate.SQL                        : 
    drop table if exists eventos_schema.competicao cascade
Hibernate: 
    drop table if exists eventos_schema.competicao cascade
2025-03-28T09:40:50.922-03:00 DEBUG 18573 --- [eventos_atleticas] [           main] org.hibernate.SQL                        : 
    drop table if exists eventos_schema.estoque cascade
Hibernate: 
    drop table if exists eventos_schema.estoque cascade
2025-03-28T09:40:50.924-03:00 DEBUG 18573 --- [eventos_atleticas] [           main] org.hibernate.SQL                        : 
    drop table if exists eventos_schema.modalidades cascade
Hibernate: 
    drop table if exists eventos_schema.modalidades cascade
2025-03-28T09:40:50.926-03:00 DEBUG 18573 --- [eventos_atleticas] [           main] org.hibernate.SQL                        : 
    drop table if exists eventos_schema.organizadores cascade
Hibernate: 
    drop table if exists eventos_schema.organizadores cascade
2025-03-28T09:40:50.928-03:00 DEBUG 18573 --- [eventos_atleticas] [           main] org.hibernate.SQL                        : 
    drop table if exists eventos_schema.usuario cascade
Hibernate: 
    drop table if exists eventos_schema.usuario cascade
2025-03-28T09:40:50.935-03:00 DEBUG 18573 --- [eventos_atleticas] [           main] org.hibernate.SQL                        : 
    create table eventos_schema.administradores (
        id bigint not null,
        nivel_acesso varchar(255),
        primary key (id)
    )
Hibernate: 
    create table eventos_schema.administradores (
        id bigint not null,
        nivel_acesso varchar(255),
        primary key (id)
    )
2025-03-28T09:40:50.939-03:00 DEBUG 18573 --- [eventos_atleticas] [           main] org.hibernate.SQL                        : 
    create table eventos_schema.arbitros (
        id bigint not null,
        especialidade varchar(255),
        primary key (id)
    )
Hibernate: 
    create table eventos_schema.arbitros (
        id bigint not null,
        especialidade varchar(255),
        primary key (id)
    )
2025-03-28T09:40:50.941-03:00 DEBUG 18573 --- [eventos_atleticas] [           main] org.hibernate.SQL                        : 
    create table eventos_schema.atleticas (
        id bigint generated by default as identity,
        nome varchar(255),
        universidade varchar(255),
        primary key (id)
    )
Hibernate: 
    create table eventos_schema.atleticas (
        id bigint generated by default as identity,
        nome varchar(255),
        universidade varchar(255),
        primary key (id)
    )
2025-03-28T09:40:50.945-03:00 DEBUG 18573 --- [eventos_atleticas] [           main] org.hibernate.SQL                        : 
    create table eventos_schema.competicao (
        atletica1_id bigint,
        atletica2_id bigint,
        id bigint generated by default as identity,
        modalidade_id bigint not null,
        descricao varchar(255),
        resultado varchar(255),
        status varchar(255),
        primary key (id)
    )
Hibernate: 
    create table eventos_schema.competicao (
        atletica1_id bigint,
        atletica2_id bigint,
        id bigint generated by default as identity,
        modalidade_id bigint not null,
        descricao varchar(255),
        resultado varchar(255),
        status varchar(255),
        primary key (id)
    )
2025-03-28T09:40:50.949-03:00 DEBUG 18573 --- [eventos_atleticas] [           main] org.hibernate.SQL                        : 
    create table eventos_schema.estoque (
        preco float(53) not null,
        quantidade integer not null,
        id bigint generated by default as identity,
        nome varchar(255),
        primary key (id)
    )
Hibernate: 
    create table eventos_schema.estoque (
        preco float(53) not null,
        quantidade integer not null,
        id bigint generated by default as identity,
        nome varchar(255),
        primary key (id)
    )
2025-03-28T09:40:50.952-03:00 DEBUG 18573 --- [eventos_atleticas] [           main] org.hibernate.SQL                        : 
    create table eventos_schema.modalidades (
        id bigint generated by default as identity,
        nome varchar(255) not null,
        regras varchar(255),
        primary key (id)
    )
Hibernate: 
    create table eventos_schema.modalidades (
        id bigint generated by default as identity,
        nome varchar(255) not null,
        regras varchar(255),
        primary key (id)
    )
2025-03-28T09:40:50.955-03:00 DEBUG 18573 --- [eventos_atleticas] [           main] org.hibernate.SQL                        : 
    create table eventos_schema.organizadores (
        id bigint not null,
        funcao varchar(255),
        primary key (id)
    )
Hibernate: 
    create table eventos_schema.organizadores (
        id bigint not null,
        funcao varchar(255),
        primary key (id)
    )
2025-03-28T09:40:50.958-03:00 DEBUG 18573 --- [eventos_atleticas] [           main] org.hibernate.SQL                        : 
    create table eventos_schema.usuario (
        id bigint generated by default as identity,
        email varchar(255) not null unique,
        role varchar(255) not null,
        senha varchar(255) not null,
        primary key (id)
    )
Hibernate: 
    create table eventos_schema.usuario (
        id bigint generated by default as identity,
        email varchar(255) not null unique,
        role varchar(255) not null,
        senha varchar(255) not null,
        primary key (id)
    )
2025-03-28T09:40:50.963-03:00 DEBUG 18573 --- [eventos_atleticas] [           main] org.hibernate.SQL                        : 
    alter table if exists eventos_schema.administradores 
       add constraint FKfwtfqbg9ndxdefvr0ki7eoxs5 
       foreign key (id) 
       references eventos_schema.usuario
Hibernate: 
    alter table if exists eventos_schema.administradores 
       add constraint FKfwtfqbg9ndxdefvr0ki7eoxs5 
       foreign key (id) 
       references eventos_schema.usuario
2025-03-28T09:40:50.965-03:00 DEBUG 18573 --- [eventos_atleticas] [           main] org.hibernate.SQL                        : 
    alter table if exists eventos_schema.arbitros 
       add constraint FK2idmnbmbwvunho3en3cvc2wje 
       foreign key (id) 
       references eventos_schema.usuario
Hibernate: 
    alter table if exists eventos_schema.arbitros 
       add constraint FK2idmnbmbwvunho3en3cvc2wje 
       foreign key (id) 
       references eventos_schema.usuario
2025-03-28T09:40:50.967-03:00 DEBUG 18573 --- [eventos_atleticas] [           main] org.hibernate.SQL                        : 
    alter table if exists eventos_schema.competicao 
       add constraint FKh8whqnqf4k9y6pgm6aqvphyjk 
       foreign key (atletica1_id) 
       references eventos_schema.atleticas
Hibernate: 
    alter table if exists eventos_schema.competicao 
       add constraint FKh8whqnqf4k9y6pgm6aqvphyjk 
       foreign key (atletica1_id) 
       references eventos_schema.atleticas
2025-03-28T09:40:50.969-03:00 DEBUG 18573 --- [eventos_atleticas] [           main] org.hibernate.SQL                        : 
    alter table if exists eventos_schema.competicao 
       add constraint FK79xu1tut4a61ucc87jlaxopde 
       foreign key (atletica2_id) 
       references eventos_schema.atleticas
Hibernate: 
    alter table if exists eventos_schema.competicao 
       add constraint FK79xu1tut4a61ucc87jlaxopde 
       foreign key (atletica2_id) 
       references eventos_schema.atleticas
2025-03-28T09:40:50.971-03:00 DEBUG 18573 --- [eventos_atleticas] [           main] org.hibernate.SQL                        : 
    alter table if exists eventos_schema.competicao 
       add constraint FKcdcayvsa1f5s5k23nla0fynp8 
       foreign key (modalidade_id) 
       references eventos_schema.modalidades
Hibernate: 
    alter table if exists eventos_schema.competicao 
       add constraint FKcdcayvsa1f5s5k23nla0fynp8 
       foreign key (modalidade_id) 
       references eventos_schema.modalidades
2025-03-28T09:40:50.974-03:00 DEBUG 18573 --- [eventos_atleticas] [           main] org.hibernate.SQL                        : 
    alter table if exists eventos_schema.organizadores 
       add constraint FKdn84gbw83qe1iyemoldw4f2x9 
       foreign key (id) 
       references eventos_schema.usuario
Hibernate: 
    alter table if exists eventos_schema.organizadores 
       add constraint FKdn84gbw83qe1iyemoldw4f2x9 
       foreign key (id) 
       references eventos_schema.usuario
2025-03-28T09:40:50.990-03:00  INFO 18573 --- [eventos_atleticas] [           main] j.LocalContainerEntityManagerFactoryBean : Initialized JPA EntityManagerFactory for persistence unit 'default'
2025-03-28T09:40:51.364-03:00  INFO 18573 --- [eventos_atleticas] [           main] eAuthenticationProviderManagerConfigurer : Global AuthenticationManager configured with AuthenticationProvider bean with name authenticationProvider
2025-03-28T09:40:51.364-03:00  WARN 18573 --- [eventos_atleticas] [           main] r$InitializeUserDetailsManagerConfigurer : Global AuthenticationManager configured with an AuthenticationProvider bean. UserDetailsService beans will not be used by Spring Security for automatically configuring username/password login. Consider removing the AuthenticationProvider bean. Alternatively, consider using the UserDetailsService in a manually instantiated DaoAuthenticationProvider. If the current configuration is intentional, to turn off this warning, increase the logging level of 'org.springframework.security.config.annotation.authentication.configuration.InitializeUserDetailsBeanManagerConfigurer' to ERROR
2025-03-28T09:40:51.487-03:00  WARN 18573 --- [eventos_atleticas] [           main] JpaBaseConfiguration$JpaWebConfiguration : spring.jpa.open-in-view is enabled by default. Therefore, database queries may be performed during view rendering. Explicitly configure spring.jpa.open-in-view to disable this warning
2025-03-28T09:40:52.242-03:00  INFO 18573 --- [eventos_atleticas] [           main] c.e.EventosatleticasApplicationTests     : Started EventosatleticasApplicationTests in 5.082 seconds (process running for 6.191)
]]></system-out>
  </testcase>
</testsuite>